<?xml version="1.0" encoding="UTF-8"?>
<testng-results skipped="0" failed="0" ignored="0" total="1" passed="1">
  <reporter-output>
  </reporter-output>
  <suite name="Default suite" duration-ms="16169" started-at="2022-05-01T07:15:59Z" finished-at="2022-05-01T07:16:16Z">
    <groups>
    </groups>
    <test name="Default test" duration-ms="16169" started-at="2022-05-01T07:15:59Z" finished-at="2022-05-01T07:16:16Z">
      <class name="Testscripts.Test_Script">
        <test-method status="PASS" signature="openapp()[pri:0, instance:Testscripts.Test_Script@5e3a8624]" name="openapp" is-config="true" duration-ms="12039" started-at="2022-05-01T07:15:59Z" finished-at="2022-05-01T07:16:11Z">
          <reporter-output>
          </reporter-output>
        </test-method> <!-- openapp -->
        <test-method status="PASS" signature="test()[pri:0, instance:Testscripts.Test_Script@5e3a8624]" name="test" duration-ms="4099" started-at="2022-05-01T07:16:11Z" finished-at="2022-05-01T07:16:16Z">
          <reporter-output>
          </reporter-output>
        </test-method> <!-- test -->
      </class> <!-- Testscripts.Test_Script -->
    </test> <!-- Default test -->
  </suite> <!-- Default suite -->
</testng-results>
